# JRE version: Java(TM) SE Runtime Environment (8.0_121-b13) (build 1.8.0_121-b13)
# Java VM: Java HotSpot(TM) 64-Bit Server VM (25.121-b13 mixed mode windows-amd64 compressed oops)
Heap:
 PSYoungGen      total 473600K, used 348997K [0x000000076af00000, 0x0000000789000000, 0x00000007c0000000)
  eden space 459776K, 75% used [0x000000076af00000,0x00000007801f3f78,0x0000000787000000)
  from space 13824K, 13% used [0x0000000787e80000,0x000000078805d698,0x0000000788c00000)
  to   space 14848K, 0% used [0x0000000787000000,0x0000000787000000,0x0000000787e80000)
 ParOldGen       total 74240K, used 20858K [0x00000006c0c00000, 0x00000006c5480000, 0x000000076af00000)
  object space 74240K, 28% used [0x00000006c0c00000,0x00000006c205eac0,0x00000006c5480000)
 Metaspace       used 31031K, capacity 31958K, committed 32128K, reserved 1077248K
  class space    used 4165K, capacity 4411K, committed 4480K, reserved 1048576K
GC Heap History (10 events):
Event: 3.870 GC heap before
{Heap before GC invocations=5 (full 1):
 PSYoungGen      total 76288K, used 75586K [0x000000076af00000, 0x0000000773e00000, 0x00000007c0000000)
  eden space 65536K, 99% used [0x000000076af00000,0x000000076eee0a80,0x000000076ef00000)
  from space 10752K, 94% used [0x000000076ef00000,0x000000076f8f0110,0x000000076f980000)
  to   space 10752K, 0% used [0x0000000773380000,0x0000000773380000,0x0000000773e00000)
 ParOldGen       total 74240K, used 8351K [0x00000006c0c00000, 0x00000006c5480000, 0x000000076af00000)
  object space 74240K, 11% used [0x00000006c0c00000,0x00000006c1427d20,0x00000006c5480000)
 Metaspace       used 29982K, capacity 30778K, committed 30976K, reserved 1075200K
  class space    used 4066K, capacity 4289K, committed 4352K, reserved 1048576K
Event: 3.874 GC heap after
Heap after GC invocations=5 (full 1):
 PSYoungGen      total 135680K, used 10378K [0x000000076af00000, 0x0000000774100000, 0x00000007c0000000)
  eden space 124928K, 0% used [0x000000076af00000,0x000000076af00000,0x0000000772900000)
  from space 10752K, 96% used [0x0000000773380000,0x0000000773da2a30,0x0000000773e00000)
  to   space 10752K, 0% used [0x0000000772900000,0x0000000772900000,0x0000000773380000)
 ParOldGen       total 74240K, used 10699K [0x00000006c0c00000, 0x00000006c5480000, 0x000000076af00000)
  object space 74240K, 14% used [0x00000006c0c00000,0x00000006c1672da0,0x00000006c5480000)
 Metaspace       used 29982K, capacity 30778K, committed 30976K, reserved 1075200K
  class space    used 4066K, capacity 4289K, committed 4352K, reserved 1048576K
}
Event: 4.001 GC heap before
{Heap before GC invocations=6 (full 1):
 PSYoungGen      total 135680K, used 135306K [0x000000076af00000, 0x0000000774100000, 0x00000007c0000000)
  eden space 124928K, 100% used [0x000000076af00000,0x0000000772900000,0x0000000772900000)
  from space 10752K, 96% used [0x0000000773380000,0x0000000773da2a30,0x0000000773e00000)
  to   space 10752K, 0% used [0x0000000772900000,0x0000000772900000,0x0000000773380000)
 ParOldGen       total 74240K, used 10699K [0x00000006c0c00000, 0x00000006c5480000, 0x000000076af00000)
  object space 74240K, 14% used [0x00000006c0c00000,0x00000006c1672da0,0x00000006c5480000)
 Metaspace       used 30261K, capacity 31040K, committed 31232K, reserved 1077248K
  class space    used 4073K, capacity 4290K, committed 4352K, reserved 1048576K
Event: 4.005 GC heap after
Heap after GC invocations=6 (full 1):
 PSYoungGen      total 135680K, used 9037K [0x000000076af00000, 0x000000077b300000, 0x00000007c0000000)
  eden space 124928K, 0% used [0x000000076af00000,0x000000076af00000,0x0000000772900000)
  from space 10752K, 84% used [0x0000000772900000,0x00000007731d3638,0x0000000773380000)
  to   space 11776K, 0% used [0x000000077a780000,0x000000077a780000,0x000000077b300000)
 ParOldGen       total 74240K, used 10707K [0x00000006c0c00000, 0x00000006c5480000, 0x000000076af00000)
  object space 74240K, 14% used [0x00000006c0c00000,0x00000006c1674da0,0x00000006c5480000)
 Metaspace       used 30261K, capacity 31040K, committed 31232K, reserved 1077248K
  class space    used 4073K, capacity 4290K, committed 4352K, reserved 1048576K
}
Event: 4.313 GC heap before
{Heap before GC invocations=7 (full 1):
 PSYoungGen      total 135680K, used 133965K [0x000000076af00000, 0x000000077b300000, 0x00000007c0000000)
  eden space 124928K, 100% used [0x000000076af00000,0x0000000772900000,0x0000000772900000)
  from space 10752K, 84% used [0x0000000772900000,0x00000007731d3638,0x0000000773380000)
  to   space 11776K, 0% used [0x000000077a780000,0x000000077a780000,0x000000077b300000)
 ParOldGen       total 74240K, used 10707K [0x00000006c0c00000, 0x00000006c5480000, 0x000000076af00000)
  object space 74240K, 14% used [0x00000006c0c00000,0x00000006c1674da0,0x00000006c5480000)
 Metaspace       used 30445K, capacity 31292K, committed 31488K, reserved 1077248K
  class space    used 4093K, capacity 4328K, committed 4352K, reserved 1048576K
Event: 4.318 GC heap after
Heap after GC invocations=7 (full 1):
 PSYoungGen      total 252928K, used 11499K [0x000000076af00000, 0x000000077b300000, 0x00000007c0000000)
  eden space 241152K, 0% used [0x000000076af00000,0x000000076af00000,0x0000000779a80000)
  from space 11776K, 97% used [0x000000077a780000,0x000000077b2badf0,0x000000077b300000)
  to   space 12288K, 0% used [0x0000000779b00000,0x0000000779b00000,0x000000077a700000)
 ParOldGen       total 74240K, used 10715K [0x00000006c0c00000, 0x00000006c5480000, 0x000000076af00000)
  object space 74240K, 14% used [0x00000006c0c00000,0x00000006c1676da0,0x00000006c5480000)
 Metaspace       used 30445K, capacity 31292K, committed 31488K, reserved 1077248K
  class space    used 4093K, capacity 4328K, committed 4352K, reserved 1048576K
}
Event: 4.552 GC heap before
{Heap before GC invocations=8 (full 1):
 PSYoungGen      total 252928K, used 252651K [0x000000076af00000, 0x000000077b300000, 0x00000007c0000000)
  eden space 241152K, 100% used [0x000000076af00000,0x0000000779a80000,0x0000000779a80000)
  from space 11776K, 97% used [0x000000077a780000,0x000000077b2badf0,0x000000077b300000)
  to   space 12288K, 0% used [0x0000000779b00000,0x0000000779b00000,0x000000077a700000)
 ParOldGen       total 74240K, used 10715K [0x00000006c0c00000, 0x00000006c5480000, 0x000000076af00000)
  object space 74240K, 14% used [0x00000006c0c00000,0x00000006c1676da0,0x00000006c5480000)
 Metaspace       used 30581K, capacity 31420K, committed 31488K, reserved 1077248K
  class space    used 4100K, capacity 4328K, committed 4352K, reserved 1048576K
Event: 4.556 GC heap after
Heap after GC invocations=8 (full 1):
 PSYoungGen      total 253952K, used 2046K [0x000000076af00000, 0x0000000788c00000, 0x00000007c0000000)
  eden space 241664K, 0% used [0x000000076af00000,0x000000076af00000,0x0000000779b00000)
  from space 12288K, 16% used [0x0000000779b00000,0x0000000779cff8e0,0x000000077a700000)
  to   space 13824K, 0% used [0x0000000787e80000,0x0000000787e80000,0x0000000788c00000)
 ParOldGen       total 74240K, used 20696K [0x00000006c0c00000, 0x00000006c5480000, 0x000000076af00000)
  object space 74240K, 27% used [0x00000006c0c00000,0x00000006c2036278,0x00000006c5480000)
 Metaspace       used 30581K, capacity 31420K, committed 31488K, reserved 1077248K
  class space    used 4100K, capacity 4328K, committed 4352K, reserved 1048576K
}
Event: 4.590 GC heap before
{Heap before GC invocations=9 (full 1):
 PSYoungGen      total 253952K, used 243710K [0x000000076af00000, 0x0000000788c00000, 0x00000007c0000000)
  eden space 241664K, 100% used [0x000000076af00000,0x0000000779b00000,0x0000000779b00000)
  from space 12288K, 16% used [0x0000000779b00000,0x0000000779cff8e0,0x000000077a700000)
  to   space 13824K, 0% used [0x0000000787e80000,0x0000000787e80000,0x0000000788c00000)
 ParOldGen       total 74240K, used 20696K [0x00000006c0c00000, 0x00000006c5480000, 0x000000076af00000)
  object space 74240K, 27% used [0x00000006c0c00000,0x00000006c2036278,0x00000006c5480000)
 Metaspace       used 30589K, capacity 31420K, committed 31488K, reserved 1077248K
  class space    used 4100K, capacity 4328K, committed 4352K, reserved 1048576K
Event: 4.592 GC heap after
Heap after GC invocations=9 (full 1):
 PSYoungGen      total 473600K, used 1909K [0x000000076af00000, 0x0000000789000000, 0x00000007c0000000)
  eden space 459776K, 0% used [0x000000076af00000,0x000000076af00000,0x0000000787000000)
  from space 13824K, 13% used [0x0000000787e80000,0x000000078805d698,0x0000000788c00000)
  to   space 14848K, 0% used [0x0000000787000000,0x0000000787000000,0x0000000787e80000)
 ParOldGen       total 74240K, used 20858K [0x00000006c0c00000, 0x00000006c5480000, 0x000000076af00000)
  object space 74240K, 28% used [0x00000006c0c00000,0x00000006c205eac0,0x00000006c5480000)
 Metaspace       used 30589K, capacity 31420K, committed 31488K, reserved 1077248K
  class space    used 4100K, capacity 4328K, committed 4352K, reserved 1048576K
}

